<?xml version="1.0" encoding="UTF-8"?>
<testsuite name="com.cspb1913.kafkasendgrid.service.EmailServiceIntegrationTest" tests="2" skipped="0" failures="0" errors="0" timestamp="2025-07-25T14:55:06" hostname="pkrvmpptgkbjq6m" time="0.018">
  <properties/>
  <testcase name="testEmailMessageCreation" classname="com.cspb1913.kafkasendgrid.service.EmailServiceIntegrationTest" time="0.002"/>
  <testcase name="testEmailServiceBean" classname="com.cspb1913.kafkasendgrid.service.EmailServiceIntegrationTest" time="0.001"/>
  <system-out><![CDATA[
  .   ____          _            __ _ _
 /\\ / ___'_ __ _ _(_)_ __  __ _ \ \ \ \
( ( )\___ | '_ | '_| | '_ \/ _` | \ \ \ \
 \\/  ___)| |_)| | | | | || (_| |  ) ) ) )
  '  |____| .__|_| |_|_| |_\__, | / / / /
 =========|_|==============|___/=/_/_/_/

 :: Spring Boot ::                (v3.5.4)

2025-07-25 14:55:01 - Starting EmailServiceIntegrationTest using Java 17.0.16 with PID 3851 (/home/runner/work/kafka-sendgrid/kafka-sendgrid/build/classes/java/test started by runner in /home/runner/work/kafka-sendgrid/kafka-sendgrid)
2025-07-25 14:55:01 - No active profile set, falling back to 1 default profile: "default"
2025-07-25 14:55:05 - Started EmailServiceIntegrationTest in 5.267 seconds (process running for 8.028)
]]></system-out>
  <system-err><![CDATA[]]></system-err>
</testsuite>
