<?xml version="1.0" encoding="UTF-8"?>
<!-- Generated by org.testng.reporters.JUnitReportReporter -->
<testsuite hostname="pkrvmpptgkbjq6m" failures="0" tests="9" name="com.cspb1913.kafkasendgrid.model.EmailMessageTest" time="0.927" errors="0" timestamp="2025-07-25T14:55:06 UTC" skipped="0">
  <testcase classname="com.cspb1913.kafkasendgrid.model.EmailMessageTest" name="testEmailMessageCreation" time="0.012"/>
  <testcase classname="com.cspb1913.kafkasendgrid.model.EmailMessageTest" name="testEmailMessageJSONSerialization" time="0.029"/>
  <testcase classname="com.cspb1913.kafkasendgrid.model.EmailMessageTest" name="testEmailMessageToString" time="0.010"/>
  <testcase classname="com.cspb1913.kafkasendgrid.model.EmailMessageTest" name="testEmailMessageValidationInvalidEmail" time="0.009"/>
  <testcase classname="com.cspb1913.kafkasendgrid.model.EmailMessageTest" name="testEmailMessageEqualsAndHashCode" time="0.006"/>
  <testcase classname="com.cspb1913.kafkasendgrid.model.EmailMessageTest" name="testEmailMessageValidation" time="0.083"/>
  <testcase classname="com.cspb1913.kafkasendgrid.model.EmailMessageTest" name="testEmailMessageValidationBlankFields" time="0.015"/>
  <testcase classname="com.cspb1913.kafkasendgrid.model.EmailMessageTest" name="testEmailMessageDefaultConstructor" time="0.666"/>
  <testcase classname="com.cspb1913.kafkasendgrid.model.EmailMessageTest" name="testEmailMessageJSONDeserializationWithMissingFields" time="0.097"/>
</testsuite> <!-- com.cspb1913.kafkasendgrid.model.EmailMessageTest -->
