<?xml version="1.0" encoding="UTF-8"?>
<!-- Generated by org.testng.reporters.JUnitReportReporter -->
<testsuite hostname="pkrvmpptgkbjq6m" failures="0" tests="2" name="com.cspb1913.kafkasendgrid.service.EmailServiceIntegrationTest" time="0.034" errors="0" timestamp="2025-07-25T14:55:06 UTC" skipped="0">
  <testcase classname="com.cspb1913.kafkasendgrid.service.EmailServiceIntegrationTest" name="testEmailServiceBean" time="0.014"/>
  <testcase classname="com.cspb1913.kafkasendgrid.service.EmailServiceIntegrationTest" name="testEmailMessageCreation" time="0.020"/>
</testsuite> <!-- com.cspb1913.kafkasendgrid.service.EmailServiceIntegrationTest -->
